2020-10-30 00:54:01:541 info: GET /api/adminfeatures/getApartmentCompany/Di%C3%B6s%20Fastigheter 200 15.952 ms - 1454
2020-10-30 00:54:09:549 info: GET /api/adminfeatures/getApartmentCompany/Di%C3%B6s%20Fastigheter 200 4.895 ms - 1454
2020-10-30 00:54:09:549 info: GET /api/adminfeatures/getApartmentCompany/Di%C3%B6s%20Fastigheter 200 3.575 ms - 1454
2020-10-30 00:54:10:5410 info: GET /api/adminfeatures/getApartmentCompany/Di%C3%B6s%20Fastigheter 200 3.387 ms - 1454
2020-10-30 00:54:16:5416 info: GET /api/adminfeatures/getApartmentCompany/Di%C3%B6s%20Fastigheter 200 4.765 ms - 1454
2020-10-30 00:54:16:5416 info: GET /api/adminfeatures/getApartmentCompany/Di%C3%B6s%20Fastigheter 200 3.282 ms - 1454
2020-10-30 00:54:17:5417 info: GET /api/adminfeatures/getApartmentCompany/Di%C3%B6s%20Fastigheter 200 4.513 ms - 1454
2020-10-30 01:07:11:711 info: GET /api/adminfeatures/getApartmentCompany/Di%C3%B6s%20Fastigheter 304 4.397 ms - -
2020-10-30 01:07:50:750 info: GET /api/user 304 2.161 ms - -
2020-10-30 01:07:50:750 info: GET /api/adminfeatures/getApartmentCompany/Di%C3%B6s%20Fastigheter 304 3.982 ms - -
2020-10-30 01:07:55:755 info: GET /api/user 304 2.071 ms - -
2020-10-30 01:07:55:755 info: GET /api/adminfeatures/getApartmentCompany/Di%C3%B6s%20Fastigheter 304 3.491 ms - -
2020-10-30 01:07:55:755 info: GET /api/user 304 1.699 ms - -
2020-10-30 01:07:56:756 info: GET /api/adminfeatures/getApartmentCompany/Di%C3%B6s%20Fastigheter 200 4.412 ms - 1454
2020-10-30 01:07:58:758 info: GET /api/user 304 1.411 ms - -
2020-10-30 01:07:58:758 info: GET /api/adminfeatures/getApartmentCompany/Di%C3%B6s%20Fastigheter 304 3.537 ms - -
2020-10-30 01:10:48:1048 info: GET /api/user 304 1.468 ms - -
2020-10-30 01:10:48:1048 info: GET /api/adminfeatures/getApartmentCompany/Di%C3%B6s%20Fastigheter 304 4.551 ms - -
2020-10-30 01:10:51:1051 info: GET /api/user 304 2.562 ms - -
2020-10-30 01:10:51:1051 info: GET /api/adminfeatures/getApartmentCompany/Di%C3%B6s%20Fastigheter 304 4.039 ms - -
2020-10-30 01:10:53:1053 info: GET /api/user 304 1.600 ms - -
2020-10-30 01:10:54:1054 info: GET /api/adminfeatures/getApartmentCompany/Di%C3%B6s%20Fastigheter 304 3.116 ms - -
2020-10-30 01:10:57:1057 info: GET /api/adminfeatures/getApartmentCompany/Di%C3%B6s%20Fastigheter 304 4.908 ms - -
2020-10-30 01:10:59:1059 info: GET /api/adminfeatures/getApartmentCompany/Di%C3%B6s%20Fastigheter 304 4.837 ms - -
2020-10-30 01:11:00:110 info: GET /api/adminfeatures/getApartmentCompany/Di%C3%B6s%20Fastigheter 304 3.821 ms - -
2020-10-30 01:11:01:111 info: GET /api/adminfeatures/getApartmentCompany/Di%C3%B6s%20Fastigheter 304 4.544 ms - -
2020-10-30 01:11:37:1137 info: GET /api/user 304 1.534 ms - -
2020-10-30 01:11:38:1138 info: GET /api/adminfeatures/getApartmentCompany/Di%C3%B6s%20Fastigheter 304 4.083 ms - -
2020-10-30 02:00:20:020 info: GET /api/user 304 1.804 ms - -
2020-10-30 02:00:21:021 info: GET /api/adminfeatures/getApartmentCompany/Di%C3%B6s%20Fastigheter 304 3.792 ms - -
2020-10-30 02:00:30:030 info: GET /api/adminfeatures/getApartmentCompany/Di%C3%B6s%20Fastigheter 304 3.740 ms - -
2020-10-30 02:00:43:043 info: GET /api/user 304 1.549 ms - -
2020-10-30 02:00:44:044 info: GET /api/adminfeatures/getApartmentCompany/Di%C3%B6s%20Fastigheter 304 4.855 ms - -
2020-10-30 02:03:59:359 info: GET /api/user 304 1.456 ms - -
2020-10-30 02:04:00:40 info: GET /api/adminfeatures/getApartmentCompany/Di%C3%B6s%20Fastigheter 304 3.815 ms - -
2020-10-30 02:04:02:42 info: GET /api/user 304 1.689 ms - -
2020-10-30 02:04:04:44 info: GET /api/adminfeatures/getApartmentCompany/Di%C3%B6s%20Fastigheter 200 3.972 ms - 1454
2020-10-30 02:05:39:539 info: GET /api/user 304 1.402 ms - -
2020-10-30 02:05:54:554 info: GET /api/adminfeatures/getApartmentCompany/Di%C3%B6s%20Fastigheter 304 6.533 ms - -
2020-10-30 02:06:04:64 info: GET /api/user 304 8802.402 ms - -
2020-10-30 02:06:06:66 info: GET /api/adminfeatures/getApartmentCompany/Di%C3%B6s%20Fastigheter 200 2.911 ms - 1454
2020-10-30 02:09:23:923 info: GET /api/user 304 1.592 ms - -
2020-10-30 02:09:27:927 info: GET /api/adminfeatures/getApartmentCompany/Di%C3%B6s%20Fastigheter 304 2.668 ms - -
2020-10-30 02:11:49:1149 info: GET /api/user 304 1.364 ms - -
2020-10-30 02:11:56:1156 info: GET /api/adminfeatures/getApartmentCompany/Di%C3%B6s%20Fastigheter 304 4.158 ms - -
2020-10-30 02:15:37:1537 info: GET /api/user 304 2.711 ms - -
2020-10-30 02:15:51:1551 info: GET /api/user 304 1.198 ms - -
2020-10-30 02:15:55:1555 info: GET /api/adminfeatures/getApartmentCompany/Di%C3%B6s%20Fastigheter 304 3.959 ms - -
2020-10-30 02:16:36:1636 info: GET /api/user 304 1.716 ms - -
2020-10-30 02:16:53:1653 info: GET /api/adminfeatures/getApartmentCompany/Di%C3%B6s%20Fastigheter 304 4.001 ms - -
2020-10-30 16:37:10:3710 info: GET /api/user 200 9.309 ms - 46
2020-10-30 16:37:20:3720 info: GET /api/user 304 1.185 ms - -
2020-10-30 16:37:22:3722 info: GET /api/user 304 0.611 ms - -
2020-10-30 16:37:30:3730 info: POST /api/adminfeatures/login 200 807.314 ms - 328
2020-10-30 16:37:33:3733 info: GET /api/user 200 3.512 ms - 347
2020-10-30 16:37:41:3741 info: GET /api/adminfeatures/getApartmentCompany/Di%C3%B6s%20Fastigheter 304 15.347 ms - -
2020-10-30 16:37:43:3743 info: GET /api/adminfeatures/getApartmentCompany/Di%C3%B6s%20Fastigheter 304 3.709 ms - -
2020-10-30 16:37:53:3753 info: GET /api/user 304 1.587 ms - -
2020-10-30 16:37:53:3753 info: GET /api/adminfeatures/getApartmentCompany/Di%C3%B6s%20Fastigheter 304 4.236 ms - -
2020-10-30 16:39:56:3956 info: GET /api/user 304 2.055 ms - -
2020-10-30 16:39:56:3956 info: GET /api/adminfeatures/getApartmentCompany/Di%C3%B6s%20Fastigheter 304 6.942 ms - -
2020-10-30 16:40:18:4018 info: GET /api/user 304 1.753 ms - -
2020-10-30 16:40:18:4018 info: GET /api/adminfeatures/getApartmentCompany/Di%C3%B6s%20Fastigheter 304 5.401 ms - -
2020-10-30 16:40:48:4048 info: GET /api/user 304 1.901 ms - -
2020-10-30 16:40:48:4048 info: GET /api/adminfeatures/getApartmentCompany/Di%C3%B6s%20Fastigheter 304 6.186 ms - -
2020-10-30 16:59:05:595 info: GET /api/adminfeatures/getApartmentCompany/Di%C3%B6s%20Fastigheter 304 2.741 ms - -
2020-10-30 16:59:17:5917 info: GET /api/adminfeatures/getApartmentCompany/Di%C3%B6s%20Fastigheter 304 2.785 ms - -
2020-10-30 16:59:21:5921 info: GET /api/adminfeatures/getApartmentCompany/Di%C3%B6s%20Fastigheter 304 3.480 ms - -
2020-10-30 17:49:37:4937 info: GET /api/user 304 1.347 ms - -
2020-10-30 17:49:37:4937 info: GET /api/adminfeatures/getApartmentCompany/Di%C3%B6s%20Fastigheter 304 3.037 ms - -
2020-10-30 23:20:15:2015 info: GET /api/user 304 1.645 ms - -
2020-10-30 23:20:32:2032 info: GET /api/user 304 1.222 ms - -
2020-10-31 00:52:22:5222 info: GET /api/user 304 2.651 ms - -
2020-10-31 01:12:02:122 info: GET /api/user 304 7.253 ms - -
2020-10-31 01:12:03:123 info: GET /api/user 304 2.074 ms - -
2020-10-31 01:12:42:1242 info: GET /api/user 304 4.537 ms - -
2020-10-31 01:14:01:141 info: GET /api/user 304 1.815 ms - -
2020-10-31 01:14:33:1433 info: GET /api/user 304 1.637 ms - -
2020-10-31 01:14:52:1452 info: GET /api/user 304 1.569 ms - -
2020-10-31 01:15:05:155 info: GET /api/user 304 2.050 ms - -
2020-10-31 01:15:29:1529 info: GET /api/user 304 1.853 ms - -
2020-10-31 01:15:41:1541 info: GET /api/user 304 1.737 ms - -
2020-10-31 01:17:37:1737 info: GET /api/user 304 1.687 ms - -
2020-10-31 01:22:53:2253 info: GET /api/user 304 1.774 ms - -
2020-10-31 10:14:43:1443 info: POST /api/adminfeatures/login 200 1754.856 ms - 328
2020-10-31 10:17:14:1714 info: POST /api/auth/logout 200 246.953 ms - 28
2020-10-31 10:17:20:1720 info: POST /api/adminfeatures/login 200 81.806 ms - 328
2020-10-31 10:19:22:1922 info: GET /api/user 200 2.451 ms - 347
2020-10-31 10:19:25:1925 info: POST /api/auth/logout 200 142.336 ms - 28
2020-10-31 10:19:31:1931 info: POST /api/adminfeatures/login 200 78.869 ms - 328
2020-10-31 10:20:36:2036 info: GET /api/user 304 1.991 ms - -
2020-10-31 10:24:19:2419 info: GET /api/user 304 1.300 ms - -
2020-10-31 10:24:22:2422 info: GET /api/user 304 1.322 ms - -
2020-10-31 10:28:55:2855 info: GET /api/user 304 1.449 ms - -
2020-10-31 10:29:28:2928 info: GET /api/user 304 8.988 ms - -
2020-10-31 10:34:25:3425 info: GET /api/user 304 1.573 ms - -
2020-10-31 11:20:48:2048 info: GET /api/user 304 1.856 ms - -
2020-10-31 11:20:57:2057 info: GET /api/user 304 1.290 ms - -
2020-10-31 20:12:23:1223 info: POST /api/auth/logout 200 318.356 ms - 28
2020-10-31 20:12:30:1230 info: POST /api/adminfeatures/login 200 89.904 ms - 328
2020-10-31 20:12:31:1231 info: GET /api/adminfeatures/getApartmentCompany/Di%C3%B6s%20Fastigheter 200 12.511 ms - 1454
2020-11-01 00:49:40:4940 info: GET /api/user 304 1.591 ms - -
2020-11-01 01:03:03:33 info: GET /api/user 304 1.516 ms - -
2020-11-01 01:03:37:337 info: GET /api/user 304 1.610 ms - -
2020-11-01 01:04:06:46 info: GET /api/user 304 1.207 ms - -
2020-11-01 01:04:29:429 info: GET /api/user 304 2.053 ms - -
2020-11-01 01:04:35:435 info: GET /api/user 304 1.373 ms - -
2020-11-01 01:04:43:443 info: GET /api/user 304 1.133 ms - -
2020-11-01 01:05:34:534 info: GET /api/user 304 1.288 ms - -
2020-11-01 01:06:00:60 info: GET /api/user 304 1.343 ms - -
2020-11-01 01:06:08:68 info: GET /api/user 304 1.227 ms - -
2020-11-01 01:10:14:1014 info: GET /api/user 304 1.137 ms - -
2020-11-01 01:10:35:1035 info: GET /api/user 304 1.382 ms - -
2020-11-01 01:13:59:1359 info: GET /api/user 304 1.443 ms - -
2020-11-01 01:14:16:1416 info: GET /api/user 304 1.210 ms - -
2020-11-01 01:55:40:5540 info: GET /api/user 304 1.176 ms - -
2020-11-01 01:55:49:5549 info: GET /api/user 304 1.331 ms - -
2020-11-01 01:56:29:5629 info: GET /api/user 304 1.365 ms - -
2020-11-01 02:02:01:21 info: GET /api/user 304 1.254 ms - -
2020-11-01 02:02:36:236 info: GET /api/user 304 1.140 ms - -
2020-11-01 02:02:54:254 info: GET /api/user 304 1.546 ms - -
2020-11-01 02:04:12:412 info: GET /api/user 304 1.444 ms - -
2020-11-01 02:04:32:432 info: GET /api/user 304 1.184 ms - -
2020-11-01 02:04:52:452 info: GET /api/user 304 1.138 ms - -
2020-11-01 02:05:09:59 info: GET /api/user 304 1.277 ms - -
2020-11-01 02:06:13:613 info: GET /api/user 304 1.141 ms - -
2020-11-01 02:07:01:71 info: GET /api/user 304 1.641 ms - -
2020-11-01 02:24:40:2440 info: GET /api/user 304 1.351 ms - -
2020-11-01 02:32:42:3242 info: GET /api/user 304 1.487 ms - -
2020-11-01 02:33:27:3327 info: GET /api/user 304 1.115 ms - -
2020-11-01 02:33:55:3355 info: GET /api/user 304 1.204 ms - -
2020-11-01 02:34:21:3421 info: GET /api/user 304 1.307 ms - -
2020-11-01 02:34:36:3436 info: GET /api/user 304 1.279 ms - -
2020-11-01 02:35:46:3546 info: GET /api/user 304 1.063 ms - -
2020-11-01 02:36:15:3615 info: GET /api/user 304 1.182 ms - -
2020-11-01 03:01:24:124 info: GET /api/user 304 1.578 ms - -
2020-11-01 03:01:47:147 info: GET /api/user 304 1.262 ms - -
2020-11-01 03:02:01:21 info: GET /api/user 304 1.080 ms - -
2020-11-01 03:03:57:357 info: GET /api/user 304 1.220 ms - -
2020-11-01 03:05:01:51 info: GET /api/user 304 1.400 ms - -
2020-11-01 03:05:19:519 info: GET /api/user 304 1.349 ms - -
2020-11-01 03:05:44:544 info: GET /api/user 304 1.536 ms - -
2020-11-01 03:10:26:1026 info: GET /api/user 304 1.291 ms - -
2020-11-01 03:11:31:1131 info: GET /api/user 304 1.734 ms - -
2020-11-01 03:15:36:1536 info: GET /api/user 304 1.392 ms - -
2020-11-01 03:15:53:1553 info: GET /api/user 304 1.250 ms - -
2020-11-01 03:20:30:2030 info: GET /api/user 304 1.509 ms - -
2020-11-01 03:21:41:2141 info: GET /api/user 304 1.377 ms - -
2020-11-01 03:22:50:2250 info: GET /api/user 304 1.103 ms - -
2020-11-01 03:23:08:238 info: GET /api/user 304 1.389 ms - -
2020-11-01 03:23:40:2340 info: GET /api/user 304 1.591 ms - -
2020-11-01 03:24:19:2419 info: GET /api/user 304 1.413 ms - -
2020-11-01 03:30:33:3033 info: GET /api/user 304 1.562 ms - -
2020-11-01 03:31:53:3153 info: GET /api/user 304 1.268 ms - -
2020-11-01 03:32:19:3219 info: GET /api/user 304 1.424 ms - -
2020-11-01 03:32:49:3249 info: GET /api/user 304 1.129 ms - -
2020-11-01 03:33:54:3354 info: GET /api/user 304 1.678 ms - -
2020-11-01 03:40:35:4035 info: GET /api/user 304 1.507 ms - -
2020-11-01 03:40:52:4052 info: GET /api/user 304 1.228 ms - -
2020-11-01 03:42:22:4222 info: GET /api/user 304 2.458 ms - -
2020-11-01 03:43:32:4332 info: GET /api/user 304 1.265 ms - -
2020-11-01 03:44:29:4429 info: GET /api/user 304 1.161 ms - -
2020-11-01 03:44:44:4444 info: GET /api/user 304 1.295 ms - -
2020-11-01 03:44:53:4453 info: GET /api/user 304 1.643 ms - -
2020-11-01 03:45:05:455 info: GET /api/user 304 1.378 ms - -
2020-11-01 03:45:51:4551 info: GET /api/user 304 1.306 ms - -
2020-11-01 03:46:05:465 info: GET /api/user 304 1.094 ms - -
2020-11-01 03:46:52:4652 info: GET /api/user 304 1.150 ms - -
2020-11-01 03:47:48:4748 info: GET /api/user 304 1.467 ms - -
2020-11-01 03:51:35:5135 info: GET /api/user 304 1.243 ms - -
2020-11-01 03:52:03:523 info: GET /api/user 304 1.473 ms - -
2020-11-01 03:52:30:5230 info: GET /api/user 304 1.340 ms - -
2020-11-01 03:53:31:5331 info: GET /api/user 304 1.296 ms - -
2020-11-01 03:54:12:5412 info: GET /api/user 304 1.245 ms - -
2020-11-01 03:54:23:5423 info: GET /api/user 304 1.153 ms - -
2020-11-01 03:54:41:5441 info: GET /api/user 304 1.938 ms - -
2020-11-01 03:55:51:5551 info: GET /api/user 304 1.295 ms - -
2020-11-01 03:56:13:5613 info: GET /api/user 304 1.871 ms - -
2020-11-01 03:57:01:571 info: GET /api/user 304 1.622 ms - -
2020-11-01 03:57:43:5743 info: GET /api/user 304 1.946 ms - -
2020-11-01 03:57:55:5755 info: GET /api/user 304 1.929 ms - -
2020-11-01 03:59:54:5954 info: GET /api/user 304 2.196 ms - -
2020-11-01 04:20:57:2057 info: GET /api/user 304 7.205 ms - -
2020-11-01 04:21:08:218 info: GET /api/adminfeatures/getApartmentCompany/Di%C3%B6s%20Fastigheter 200 5.072 ms - 1454
2020-11-01 04:21:36:2136 info: GET /api/user 304 1.455 ms - -
2020-11-01 04:21:42:2142 info: GET /api/user 304 1.473 ms - -
2020-11-01 04:21:49:2149 info: GET /api/user 304 2.057 ms - -
2020-11-01 04:21:52:2152 info: GET /api/user 304 1.739 ms - -
2020-11-01 04:21:57:2157 info: GET /api/user 304 1.735 ms - -
2020-11-01 04:22:56:2256 info: GET /api/user 304 1.353 ms - -
2020-11-01 04:23:18:2318 info: GET /api/user 304 1.358 ms - -
2020-11-01 04:23:33:2333 info: GET /api/user 304 1.535 ms - -
2020-11-01 04:25:05:255 info: GET /api/user 304 1.588 ms - -
2020-11-01 04:25:15:2515 info: GET /api/user 304 1.732 ms - -
2020-11-01 04:25:40:2540 info: GET /api/user 304 1.750 ms - -
2020-11-01 04:26:06:266 info: GET /api/user 304 1.747 ms - -
2020-11-01 04:26:23:2623 info: GET /api/user 304 1.742 ms - -
2020-11-01 04:26:53:2653 info: GET /api/user 304 1.481 ms - -
2020-11-01 04:27:09:279 info: GET /api/user 304 1.901 ms - -
2020-11-01 04:27:24:2724 info: GET /api/user 304 1.406 ms - -
2020-11-01 04:28:44:2844 info: GET /api/user 304 1.224 ms - -
2020-11-01 04:29:10:2910 info: GET /api/user 304 1.500 ms - -
2020-11-01 04:29:27:2927 info: GET /api/user 304 1.438 ms - -
2020-11-01 15:16:09:169 info: GET /api/user 304 6.295 ms - -
2020-11-01 15:24:01:241 info: GET /api/user 304 1.827 ms - -
2020-11-01 15:50:38:5038 info: GET /api/user 304 1.765 ms - -
2020-11-01 16:02:44:244 info: GET /api/user 304 1.852 ms - -
2020-11-01 16:03:43:343 info: GET /api/user 304 1.290 ms - -
2020-11-01 16:03:53:353 info: GET /api/user 304 1.656 ms - -
2020-11-01 16:04:05:45 info: GET /api/user 304 1.398 ms - -
2020-11-02 01:15:10:1510 info: GET /api/user 304 7.146 ms - -
2020-11-02 01:15:12:1512 info: GET /api/adminfeatures/getApartmentCompany/Di%C3%B6s%20Fastigheter 200 5.199 ms - 1454
2020-11-02 01:31:23:3123 info: GET /api/user 304 1.879 ms - -
2020-11-02 01:32:08:328 info: GET /api/user 304 2.491 ms - -
2020-11-02 01:33:29:3329 info: GET /api/user 304 1.384 ms - -
2020-11-02 02:05:58:558 info: GET /api/user 304 1.465 ms - -
2020-11-02 02:29:40:2940 info: GET /api/user 304 1.707 ms - -
2020-11-02 02:29:56:2956 info: GET /api/user 304 1.305 ms - -
2020-11-02 02:30:41:3041 info: GET /api/user 304 2.285 ms - -
2020-11-02 02:30:51:3051 info: GET /api/user 304 1.224 ms - -
2020-11-02 02:30:58:3058 info: GET /api/user 304 1.560 ms - -
2020-11-02 02:32:21:3221 info: GET /api/user 304 1.549 ms - -
2020-11-02 02:35:31:3531 info: GET /api/user 304 1.395 ms - -
2020-11-02 02:35:45:3545 info: GET /api/user 304 1.586 ms - -
2020-11-02 02:41:26:4126 info: GET /api/user 304 1.599 ms - -
2020-11-02 02:41:55:4155 info: GET /api/user 304 1.290 ms - -
2020-11-02 02:42:13:4213 info: GET /api/user 304 2.483 ms - -
2020-11-02 03:08:02:82 info: GET /api/user 304 1.484 ms - -
2020-11-02 03:16:09:169 info: GET /api/user 304 1.243 ms - -
2020-11-02 03:16:15:1615 info: GET /api/user 304 1.318 ms - -
2020-11-02 03:16:51:1651 info: GET /api/user 304 1.341 ms - -
2020-11-02 03:17:03:173 info: GET /api/user 304 1.164 ms - -
2020-11-02 03:17:47:1747 info: GET /api/user 304 1.335 ms - -
2020-11-02 03:33:50:3350 info: GET /api/user 304 1.545 ms - -
2020-11-02 12:30:17:3017 info: GET /api/user 304 1.285 ms - -
2020-11-02 12:30:33:3033 info: GET /api/user 304 1.541 ms - -
2020-11-02 12:31:15:3115 info: GET /api/user 304 1.798 ms - -
2020-11-02 12:31:33:3133 info: GET /api/user 304 1.541 ms - -
2020-11-02 12:32:32:3232 info: GET /api/user 304 1.185 ms - -
2020-11-02 12:32:41:3241 info: GET /api/user 304 1.622 ms - -
2020-11-02 12:33:00:330 info: GET /api/user 304 1.520 ms - -
2020-11-02 12:33:18:3318 info: GET /api/user 304 1.114 ms - -
2020-11-02 12:34:30:3430 info: GET /api/user 304 1.143 ms - -
2020-11-02 12:34:48:3448 info: GET /api/user 304 1.887 ms - -
2020-11-02 23:33:33:3333 info: POST /api/adminfeatures/login 200 103.545 ms - 328
2020-11-02 23:33:37:3337 info: GET /api/user 200 2.309 ms - 347
2020-11-02 23:33:39:3339 info: GET /api/user 304 2.364 ms - -
2020-11-02 23:33:42:3342 info: GET /api/adminfeatures/getApartmentCompany/Di%C3%B6s%20Fastigheter 200 17.941 ms - 1454
2020-11-02 23:33:47:3347 info: GET /api/adminfeatures/getApartmentCompany/Di%C3%B6s%20Fastigheter 304 3.431 ms - -
2020-11-03 00:57:17:5717 info: POST /api/adminfeatures/login 200 1894.686 ms - 328
2020-11-03 00:57:26:5726 info: GET /api/adminfeatures/getApartmentCompany/Di%C3%B6s%20Fastigheter 304 13.774 ms - -
2020-11-03 00:57:31:5731 info: GET /api/adminfeatures/getApartmentCompany/Di%C3%B6s%20Fastigheter 304 3.684 ms - -
2020-11-03 00:57:34:5734 info: GET /api/adminfeatures/getApartmentCompany/Di%C3%B6s%20Fastigheter 304 3.597 ms - -
2020-11-03 07:42:11:4211 info: POST /api/adminfeatures/login 200 436.527 ms - 328
2020-11-03 07:42:21:4221 info: GET /api/adminfeatures/getApartmentCompany/Di%C3%B6s%20Fastigheter 200 13.281 ms - 1454
2020-11-03 07:42:25:4225 info: GET /api/adminfeatures/getApartmentCompany/Di%C3%B6s%20Fastigheter 304 4.890 ms - -
2020-11-03 07:43:13:4313 info: GET /api/adminfeatures/getApartmentCompany/Di%C3%B6s%20Fastigheter 304 3.505 ms - -
2020-11-03 07:44:44:4444 info: GET /api/user 200 2.042 ms - 347
2020-11-03 07:44:44:4444 info: GET /api/adminfeatures/getApartmentCompany/Di%C3%B6s%20Fastigheter 304 3.538 ms - -
2020-11-03 07:46:54:4654 info: GET /api/user 304 1.350 ms - -
2020-11-03 07:46:54:4654 info: GET /api/adminfeatures/getApartmentCompany/Di%C3%B6s%20Fastigheter 304 3.187 ms - -
2020-11-03 07:47:28:4728 info: GET /api/user 304 1.569 ms - -
2020-11-03 07:47:28:4728 info: GET /api/adminfeatures/getApartmentCompany/Di%C3%B6s%20Fastigheter 304 2.826 ms - -
2020-11-03 07:48:04:484 info: GET /api/user 304 1.313 ms - -
2020-11-03 07:48:04:484 info: GET /api/adminfeatures/getApartmentCompany/Di%C3%B6s%20Fastigheter 304 3.673 ms - -
2020-11-03 07:48:49:4849 info: GET /api/user 304 1.584 ms - -
2020-11-03 07:48:49:4849 info: GET /api/adminfeatures/getApartmentCompany/Di%C3%B6s%20Fastigheter 304 2.830 ms - -
2020-11-03 07:49:24:4924 info: GET /api/user 304 1.173 ms - -
2020-11-03 07:49:25:4925 info: GET /api/adminfeatures/getApartmentCompany/Di%C3%B6s%20Fastigheter 304 2.737 ms - -
2020-11-03 07:49:30:4930 info: GET /api/user 304 1.605 ms - -
2020-11-03 07:49:30:4930 info: GET /api/adminfeatures/getApartmentCompany/Di%C3%B6s%20Fastigheter 304 3.081 ms - -
2020-11-03 07:49:41:4941 info: GET /api/user 304 2.334 ms - -
2020-11-03 07:49:42:4942 info: GET /api/adminfeatures/getApartmentCompany/Di%C3%B6s%20Fastigheter 304 3.088 ms - -
2020-11-03 07:51:08:518 info: GET /api/user 304 1.849 ms - -
2020-11-03 07:51:08:518 info: GET /api/adminfeatures/getApartmentCompany/Di%C3%B6s%20Fastigheter 304 3.408 ms - -
2020-11-03 07:55:23:5523 info: GET /api/user 304 1.445 ms - -
2020-11-03 07:55:24:5524 info: GET /api/adminfeatures/getApartmentCompany/Di%C3%B6s%20Fastigheter 304 3.193 ms - -
2020-11-03 07:56:41:5641 info: GET /api/user 304 1.619 ms - -
2020-11-03 07:56:42:5642 info: GET /api/adminfeatures/getApartmentCompany/Di%C3%B6s%20Fastigheter 304 3.039 ms - -
2020-11-03 07:57:39:5739 info: GET /api/user 304 1.327 ms - -
2020-11-03 07:57:39:5739 info: GET /api/adminfeatures/getApartmentCompany/Di%C3%B6s%20Fastigheter 304 4.000 ms - -
2020-11-03 07:57:58:5758 info: GET /api/user 304 1.768 ms - -
2020-11-03 07:57:58:5758 info: GET /api/adminfeatures/getApartmentCompany/Di%C3%B6s%20Fastigheter 304 3.332 ms - -
2020-11-03 08:53:58:5358 info: GET /api/user 304 1.297 ms - -
2020-11-03 08:53:58:5358 info: GET /api/adminfeatures/getApartmentCompany/Di%C3%B6s%20Fastigheter 304 4.279 ms - -
2020-11-03 08:54:24:5424 info: GET /api/user 304 1.220 ms - -
2020-11-03 08:54:24:5424 info: GET /api/adminfeatures/getApartmentCompany/Di%C3%B6s%20Fastigheter 304 4.619 ms - -
2020-11-03 08:55:27:5527 info: GET /api/user 304 1.627 ms - -
2020-11-03 08:55:28:5528 info: GET /api/adminfeatures/getApartmentCompany/Di%C3%B6s%20Fastigheter 304 3.140 ms - -
2020-11-03 09:15:36:1536 info: GET /api/user 304 7.291 ms - -
2020-11-03 09:15:36:1536 info: GET /api/adminfeatures/getApartmentCompany/Di%C3%B6s%20Fastigheter 304 5.723 ms - -
2020-11-03 09:15:59:1559 info: GET /api/user 304 6.848 ms - -
2020-11-03 09:15:59:1559 info: GET /api/adminfeatures/getApartmentCompany/Di%C3%B6s%20Fastigheter 304 4.975 ms - -
2020-11-03 09:17:18:1718 info: GET /api/user 304 7.454 ms - -
2020-11-03 09:17:18:1718 info: GET /api/adminfeatures/getApartmentCompany/Di%C3%B6s%20Fastigheter 304 4.114 ms - -
2020-11-03 09:18:02:182 info: GET /api/user 304 8.094 ms - -
2020-11-03 09:18:03:183 info: GET /api/adminfeatures/getApartmentCompany/Di%C3%B6s%20Fastigheter 304 5.954 ms - -
2020-11-03 09:19:51:1951 info: GET /api/user 304 8.279 ms - -
2020-11-03 09:19:52:1952 info: GET /api/adminfeatures/getApartmentCompany/Di%C3%B6s%20Fastigheter 200 4.868 ms - 2489
2020-11-03 13:44:44:4444 info: GET /api/user 304 2.174 ms - -
2020-11-03 13:46:01:461 info: GET /api/user 304 1.625 ms - -
2020-11-03 13:46:51:4651 info: GET /api/user 304 1.984 ms - -
2020-11-03 13:48:10:4810 info: GET /api/user 304 1.290 ms - -
2020-11-03 13:48:15:4815 info: GET /api/user 304 1.205 ms - -
2020-11-03 13:48:29:4829 info: GET /api/user 304 2.910 ms - -
2020-11-03 13:48:29:4829 info: GET /api/adminfeatures/getApartmentCompany/Di%C3%B6s%20Fastigheter 304 2.928 ms - -
2020-11-03 13:49:08:498 info: GET /api/user 304 1.844 ms - -
2020-11-03 13:49:12:4912 info: GET /api/adminfeatures/getApartmentCompany/Di%C3%B6s%20Fastigheter 304 3.187 ms - -
2020-11-03 13:49:23:4923 info: GET /api/adminfeatures/getApartmentCompany/Di%C3%B6s%20Fastigheter 304 2.639 ms - -
2020-11-03 14:10:29:1029 info: GET /api/user 304 1.357 ms - -
2020-11-03 14:10:29:1029 info: GET /api/adminfeatures/getApartmentCompany/Di%C3%B6s%20Fastigheter 304 2.587 ms - -
2020-11-03 14:13:41:1341 info: GET /api/user 304 1.894 ms - -
2020-11-03 14:13:41:1341 info: GET /api/adminfeatures/getApartmentCompany/Di%C3%B6s%20Fastigheter 304 2.414 ms - -
2020-11-03 14:14:09:149 info: GET /api/user 304 1.756 ms - -
2020-11-03 14:14:09:149 info: GET /api/adminfeatures/getApartmentCompany/Di%C3%B6s%20Fastigheter 304 2.195 ms - -
2020-11-03 14:14:34:1434 info: GET /api/user 304 1.318 ms - -
2020-11-03 14:14:34:1434 info: GET /api/adminfeatures/getApartmentCompany/Di%C3%B6s%20Fastigheter 304 2.081 ms - -
2020-11-03 14:14:49:1449 info: GET /api/user 304 1.715 ms - -
2020-11-03 14:14:49:1449 info: GET /api/adminfeatures/getApartmentCompany/Di%C3%B6s%20Fastigheter 304 2.424 ms - -
2020-11-03 14:15:25:1525 info: GET /api/user 304 2.118 ms - -
2020-11-03 14:15:25:1525 info: GET /api/adminfeatures/getApartmentCompany/Di%C3%B6s%20Fastigheter 304 2.352 ms - -
2020-11-03 14:16:34:1634 info: GET /api/user 304 1.922 ms - -
2020-11-03 14:16:35:1635 info: GET /api/adminfeatures/getApartmentCompany/Di%C3%B6s%20Fastigheter 304 2.478 ms - -
2020-11-03 14:16:58:1658 info: GET /api/user 304 1.545 ms - -
2020-11-03 14:16:58:1658 info: GET /api/adminfeatures/getApartmentCompany/Di%C3%B6s%20Fastigheter 304 4.313 ms - -
2020-11-03 14:21:00:210 info: GET /api/user 304 1.242 ms - -
2020-11-03 14:22:49:2249 info: GET /api/user 304 1.924 ms - -
2020-11-04 03:15:31:1531 info: POST /api/adminfeatures/login 200 344.176 ms - 328
2020-11-04 03:15:46:1546 info: GET /api/user 304 2.311 ms - -
2020-11-04 03:15:47:1547 info: GET /api/adminfeatures/getApartmentCompany/Di%C3%B6s%20Fastigheter 304 5.765 ms - -
2020-11-04 03:16:08:168 info: GET /api/user 304 2.801 ms - -
2020-11-04 03:16:08:168 info: GET /api/adminfeatures/getApartmentCompany/Di%C3%B6s%20Fastigheter 304 4.518 ms - -
2020-11-04 03:16:24:1624 info: GET /api/user 304 1.789 ms - -
2020-11-04 03:16:24:1624 info: GET /api/adminfeatures/getApartmentCompany/Di%C3%B6s%20Fastigheter 304 3.365 ms - -
2020-11-04 03:17:05:175 info: GET /api/user 304 1.605 ms - -
2020-11-04 03:17:06:176 info: GET /api/adminfeatures/getApartmentCompany/Di%C3%B6s%20Fastigheter 304 3.170 ms - -
2020-11-04 03:17:11:1711 info: GET /api/user 304 1.736 ms - -
2020-11-04 03:17:11:1711 info: GET /api/adminfeatures/getApartmentCompany/Di%C3%B6s%20Fastigheter 304 2.479 ms - -
2020-11-04 03:17:48:1748 info: GET /api/user 304 2.300 ms - -
2020-11-04 03:17:49:1749 info: GET /api/adminfeatures/getApartmentCompany/Di%C3%B6s%20Fastigheter 304 3.192 ms - -
2020-11-04 03:41:35:4135 info: GET /api/user 304 2.008 ms - -
2020-11-04 03:42:08:428 info: GET /api/user 304 1.432 ms - -
2020-11-04 03:42:56:4256 info: GET /api/user 304 1.441 ms - -
2020-11-04 03:44:29:4429 info: GET /api/user 304 1.628 ms - -
2020-11-04 03:45:33:4533 info: GET /api/user 304 1.594 ms - -
2020-11-04 03:45:36:4536 info: GET /api/user 304 1.304 ms - -
2020-11-04 03:46:37:4637 info: GET /api/user 304 1.565 ms - -
2020-11-04 03:46:45:4645 info: GET /api/user 304 1.295 ms - -
2020-11-04 03:46:54:4654 info: GET /api/user 304 1.325 ms - -
2020-11-04 03:47:02:472 info: GET /api/user 304 1.645 ms - -
2020-11-04 03:47:27:4727 info: GET /api/user 304 1.697 ms - -
2020-11-04 03:47:27:4727 info: GET /api/adminfeatures/getApartmentCompany/Di%C3%B6s%20Fastigheter 304 3.022 ms - -
2020-11-04 03:47:33:4733 info: GET /api/user 304 1.336 ms - -
2020-11-04 03:47:33:4733 info: GET /api/adminfeatures/getApartmentCompany/Di%C3%B6s%20Fastigheter 304 3.699 ms - -
2020-11-04 03:47:48:4748 info: GET /api/user 304 1.587 ms - -
2020-11-04 03:47:50:4750 info: GET /api/adminfeatures/getApartmentCompany/Di%C3%B6s%20Fastigheter 304 2.357 ms - -
2020-11-04 03:54:45:5445 info: GET /api/user 304 1.327 ms - -
2020-11-04 04:08:13:813 info: GET /api/adminfeatures/getApartmentCompany/Di%C3%B6s%20Fastigheter 304 2.295 ms - -
2020-11-04 04:19:12:1912 info: GET /api/user 304 1.577 ms - -
2020-11-04 04:19:12:1912 info: GET /api/adminfeatures/getApartmentCompany/Di%C3%B6s%20Fastigheter 304 2.593 ms - -
2020-11-04 04:21:22:2122 info: GET /api/user 304 1.274 ms - -
2020-11-04 04:21:23:2123 info: GET /api/adminfeatures/getApartmentCompany/Di%C3%B6s%20Fastigheter 304 3.607 ms - -
2020-11-04 04:23:23:2323 info: GET /api/user 304 1.554 ms - -
2020-11-04 04:23:23:2323 info: GET /api/adminfeatures/getApartmentCompany/Di%C3%B6s%20Fastigheter 304 2.361 ms - -
2020-11-04 04:23:55:2355 info: GET /api/user 304 1.409 ms - -
2020-11-04 04:23:55:2355 info: GET /api/adminfeatures/getApartmentCompany/Di%C3%B6s%20Fastigheter 304 5.618 ms - -
2020-11-04 04:24:04:244 info: GET /api/user 304 1.751 ms - -
2020-11-04 04:24:05:245 info: GET /api/adminfeatures/getApartmentCompany/Di%C3%B6s%20Fastigheter 304 3.879 ms - -
2020-11-04 04:25:38:2538 info: GET /api/user 304 1.398 ms - -
2020-11-04 04:25:38:2538 info: GET /api/adminfeatures/getApartmentCompany/Di%C3%B6s%20Fastigheter 304 3.098 ms - -
2020-11-04 04:25:48:2548 info: GET /api/user 304 2.375 ms - -
2020-11-04 04:25:49:2549 info: GET /api/adminfeatures/getApartmentCompany/Di%C3%B6s%20Fastigheter 304 3.929 ms - -
2020-11-04 04:26:22:2622 info: GET /api/user 304 1.419 ms - -
2020-11-04 04:26:22:2622 info: GET /api/adminfeatures/getApartmentCompany/Di%C3%B6s%20Fastigheter 304 3.321 ms - -
2020-11-04 04:26:55:2655 info: GET /api/user 304 1.272 ms - -
2020-11-04 04:26:55:2655 info: GET /api/adminfeatures/getApartmentCompany/Di%C3%B6s%20Fastigheter 304 2.545 ms - -
2020-11-04 04:27:06:276 info: GET /api/user 304 2.425 ms - -
2020-11-04 04:27:06:276 info: GET /api/adminfeatures/getApartmentCompany/Di%C3%B6s%20Fastigheter 304 2.450 ms - -
2020-11-04 15:39:33:3933 info: GET /api/user 304 8.453 ms - -
2020-11-04 15:39:33:3933 info: GET /api/adminfeatures/getApartmentCompany/Di%C3%B6s%20Fastigheter 304 4.512 ms - -
2020-11-04 15:39:57:3957 info: GET /api/user 304 1.705 ms - -
2020-11-04 15:39:57:3957 info: GET /api/adminfeatures/getApartmentCompany/Di%C3%B6s%20Fastigheter 304 4.893 ms - -
2020-11-04 16:33:41:3341 info: GET /api/adminfeatures/getApartmentCompany/Di%C3%B6s%20Fastigheter 304 3.265 ms - -
2020-11-04 16:36:46:3646 info: GET /api/user 304 1.398 ms - -
2020-11-04 16:36:46:3646 info: GET /api/adminfeatures/getApartmentCompany/Di%C3%B6s%20Fastigheter 304 2.619 ms - -
2020-11-04 16:37:00:370 info: GET /api/user 304 1.543 ms - -
2020-11-04 16:37:00:370 info: GET /api/adminfeatures/getApartmentCompany/Di%C3%B6s%20Fastigheter 304 2.590 ms - -
2020-11-04 16:37:25:3725 info: GET /api/user 304 1.928 ms - -
2020-11-04 16:37:25:3725 info: GET /api/adminfeatures/getApartmentCompany/Di%C3%B6s%20Fastigheter 304 2.650 ms - -
2020-11-04 16:37:33:3733 info: GET /api/user 304 3.058 ms - -
2020-11-04 16:37:33:3733 info: GET /api/adminfeatures/getApartmentCompany/Di%C3%B6s%20Fastigheter 304 3.002 ms - -
2020-11-04 16:39:56:3956 info: GET /api/user 304 1.776 ms - -
2020-11-04 16:39:56:3956 info: GET /api/adminfeatures/getApartmentCompany/Di%C3%B6s%20Fastigheter 304 3.296 ms - -
2020-11-04 16:44:41:4441 info: GET /api/user 304 1.393 ms - -
2020-11-04 16:44:42:4442 info: GET /api/adminfeatures/getApartmentCompany/Di%C3%B6s%20Fastigheter 304 2.343 ms - -
2020-11-04 16:45:41:4541 info: GET /api/user 304 1.932 ms - -
2020-11-04 16:45:41:4541 info: GET /api/adminfeatures/getApartmentCompany/Di%C3%B6s%20Fastigheter 304 2.657 ms - -
2020-11-04 16:47:54:4754 info: GET /api/user 304 1.943 ms - -
2020-11-04 16:47:54:4754 info: GET /api/adminfeatures/getApartmentCompany/Di%C3%B6s%20Fastigheter 304 3.882 ms - -
2020-11-04 16:49:29:4929 info: GET /api/user 304 2.698 ms - -
2020-11-04 16:49:29:4929 info: GET /api/adminfeatures/getApartmentCompany/Di%C3%B6s%20Fastigheter 304 4.242 ms - -
2020-11-04 16:50:34:5034 info: GET /api/user 304 1.323 ms - -
2020-11-04 16:50:34:5034 info: GET /api/adminfeatures/getApartmentCompany/Di%C3%B6s%20Fastigheter 304 3.602 ms - -
2020-11-04 16:53:43:5343 info: GET /api/user 304 1.991 ms - -
2020-11-04 16:53:51:5351 info: GET /api/user 304 1.683 ms - -
2020-11-04 16:55:54:5554 info: GET /api/user 304 1.954 ms - -
2020-11-04 16:56:39:5639 info: GET /api/user 304 3.189 ms - -
2020-11-04 16:56:56:5656 info: GET /api/user 304 3.132 ms - -
2020-11-04 16:57:42:5742 info: GET /api/user 304 1.467 ms - -
2020-11-04 16:57:55:5755 info: GET /api/user 304 1.915 ms - -
2020-11-04 16:57:55:5755 info: GET /api/adminfeatures/getApartmentCompany/Di%C3%B6s%20Fastigheter 304 2.496 ms - -
2020-11-04 16:59:36:5936 info: GET /api/user 304 1.395 ms - -
2020-11-04 16:59:36:5936 info: GET /api/adminfeatures/getApartmentCompany/Di%C3%B6s%20Fastigheter 304 2.618 ms - -
2020-11-04 19:06:41:641 info: GET /api/user 304 1.788 ms - -
2020-11-04 19:06:42:642 info: GET /api/adminfeatures/getApartmentCompany/Di%C3%B6s%20Fastigheter 304 2.248 ms - -
2020-11-04 19:44:42:4442 info: GET /api/user 304 1.432 ms - -
2020-11-04 19:44:43:4443 info: GET /api/adminfeatures/getApartmentCompany/Di%C3%B6s%20Fastigheter 304 3.429 ms - -
2020-11-04 19:44:55:4455 info: GET /api/user 304 2.396 ms - -
2020-11-04 19:44:55:4455 info: GET /api/adminfeatures/getApartmentCompany/Di%C3%B6s%20Fastigheter 304 2.788 ms - -
2020-11-04 19:45:24:4524 info: GET /api/user 304 1.259 ms - -
2020-11-04 19:45:24:4524 info: GET /api/adminfeatures/getApartmentCompany/Di%C3%B6s%20Fastigheter 304 3.196 ms - -
2020-11-04 20:03:22:322 info: GET /api/user 304 1.488 ms - -
2020-11-04 20:03:22:322 info: GET /api/adminfeatures/getApartmentCompany/Di%C3%B6s%20Fastigheter 304 2.919 ms - -
2020-11-04 20:03:28:328 info: GET /api/user 304 1.887 ms - -
2020-11-04 20:03:28:328 info: GET /api/adminfeatures/getApartmentCompany/Di%C3%B6s%20Fastigheter 304 3.064 ms - -
2020-11-04 20:05:42:542 info: GET /api/user 304 1.593 ms - -
2020-11-04 20:05:42:542 info: GET /api/adminfeatures/getApartmentCompany/Di%C3%B6s%20Fastigheter 304 3.417 ms - -
2020-11-04 20:06:10:610 info: GET /api/user 304 1.766 ms - -
2020-11-04 20:06:12:612 info: GET /api/adminfeatures/getApartmentCompany/Di%C3%B6s%20Fastigheter 304 3.785 ms - -
2020-11-04 20:08:40:840 info: GET /api/user 304 1.712 ms - -
2020-11-04 20:08:41:841 info: GET /api/adminfeatures/getApartmentCompany/Di%C3%B6s%20Fastigheter 304 2.136 ms - -
2020-11-04 20:10:29:1029 info: GET /api/user 304 1.512 ms - -
2020-11-04 20:10:29:1029 info: GET /api/adminfeatures/getApartmentCompany/Di%C3%B6s%20Fastigheter 304 3.030 ms - -
2020-11-04 20:14:24:1424 info: GET /api/user 304 1.409 ms - -
2020-11-04 20:14:24:1424 info: GET /api/adminfeatures/getApartmentCompany/Di%C3%B6s%20Fastigheter 304 3.129 ms - -
2020-11-04 20:14:48:1448 info: GET /api/user 304 1.805 ms - -
2020-11-04 20:14:48:1448 info: GET /api/adminfeatures/getApartmentCompany/Di%C3%B6s%20Fastigheter 304 2.710 ms - -
2020-11-04 20:15:04:154 info: GET /api/user 304 1.397 ms - -
2020-11-04 20:15:04:154 info: GET /api/adminfeatures/getApartmentCompany/Di%C3%B6s%20Fastigheter 304 2.580 ms - -
2020-11-04 20:16:02:162 info: GET /api/user 304 1.769 ms - -
2020-11-04 20:16:02:162 info: GET /api/adminfeatures/getApartmentCompany/Di%C3%B6s%20Fastigheter 304 3.100 ms - -
